<?xml version="1.0" encoding="UTF-8"?>
<testng-results total="1" passed="1" failed="0" skipped="0">
  <reporter-output>
  </reporter-output>
  <suite started-at="2023-03-30T07:56:36Z" name="Default suite" finished-at="2023-03-30T07:56:53Z" duration-ms="16457">
    <groups>
    </groups>
    <test started-at="2023-03-30T07:56:36Z" name="Default test" finished-at="2023-03-30T07:56:53Z" duration-ms="16457">
      <class name="testscripts.GenerateHARFile">
        <test-method signature="generateAndParseHARFileTest()[pri:0, instance:testscripts.GenerateHARFile@43b9fd5]" started-at="2023-03-30T13:26:36Z" name="generateAndParseHARFileTest" finished-at="2023-03-30T13:26:53Z" duration-ms="16442" status="PASS">
          <reporter-output>
          </reporter-output>
        </test-method> <!-- generateAndParseHARFileTest -->
      </class> <!-- testscripts.GenerateHARFile -->
    </test> <!-- Default test -->
  </suite> <!-- Default suite -->
</testng-results>
